<?xml version="1.0" encoding="UTF-8"?>
<!-- Generated by org.testng.reporters.JUnitReportReporter -->
<testsuite skipped="0" hostname="WIN-RSQUD9AHH7K" name="XoriantDemo.XoriantDemo.Demo" tests="4" failures="0" timestamp="11 Feb 2019 06:57:21 GMT" time="0.027" errors="0">
  <testcase name="add" time="0.024" classname="XoriantDemo.XoriantDemo.Demo"/>
  <testcase name="sub" time="0.001" classname="XoriantDemo.XoriantDemo.Demo"/>
  <testcase name="mul" time="0.001" classname="XoriantDemo.XoriantDemo.Demo"/>
  <testcase name="div" time="0.001" classname="XoriantDemo.XoriantDemo.Demo"/>
</testsuite> <!-- XoriantDemo.XoriantDemo.Demo -->
